# JRE version: Java(TM) SE Runtime Environment (11.0.2+9) (build 11.0.2+9-LTS)
# Java VM: Java HotSpot(TM) 64-Bit Server VM (11.0.2+9-LTS, mixed mode, tiered, compressed oops, g1 gc, windows-amd64)
Heap:
 garbage-first heap   total 157696K, used 14672K [0x0000000081a00000, 0x0000000100000000)
  region size 1024K, 5 young (5120K), 5 survivors (5120K)
 Metaspace       used 34986K, capacity 35778K, committed 35964K, reserved 1081344K
  class space    used 4076K, capacity 4389K, committed 4528K, reserved 1048576K
GC Heap History (9 events):
Event: 0.572 GC heap before
{Heap before GC invocations=0 (full 0):
 garbage-first heap   total 131072K, used 24576K [0x0000000081a00000, 0x0000000100000000)
  region size 1024K, 24 young (24576K), 0 survivors (0K)
 Metaspace       used 12087K, capacity 12334K, committed 12544K, reserved 1060864K
  class space    used 1184K, capacity 1260K, committed 1280K, reserved 1048576K
}
Event: 0.575 GC heap after
{Heap after GC invocations=1 (full 0):
 garbage-first heap   total 131072K, used 6047K [0x0000000081a00000, 0x0000000100000000)
  region size 1024K, 3 young (3072K), 3 survivors (3072K)
 Metaspace       used 12087K, capacity 12334K, committed 12544K, reserved 1060864K
  class space    used 1184K, capacity 1260K, committed 1280K, reserved 1048576K
}
Event: 0.934 GC heap before
{Heap before GC invocations=1 (full 0):
 garbage-first heap   total 131072K, used 47007K [0x0000000081a00000, 0x0000000100000000)
  region size 1024K, 44 young (45056K), 3 survivors (3072K)
 Metaspace       used 20725K, capacity 21127K, committed 21296K, reserved 1069056K
  class space    used 2394K, capacity 2564K, committed 2608K, reserved 1048576K
}
Event: 0.939 GC heap after
{Heap after GC invocations=2 (full 0):
 garbage-first heap   total 131072K, used 8234K [0x0000000081a00000, 0x0000000100000000)
  region size 1024K, 6 young (6144K), 6 survivors (6144K)
 Metaspace       used 20725K, capacity 21127K, committed 21296K, reserved 1069056K
  class space    used 2394K, capacity 2564K, committed 2608K, reserved 1048576K
}
Event: 1.435 GC heap before
{Heap before GC invocations=3 (full 0):
 garbage-first heap   total 131072K, used 50218K [0x0000000081a00000, 0x0000000100000000)
  region size 1024K, 47 young (48128K), 6 survivors (6144K)
 Metaspace       used 28588K, capacity 29151K, committed 29436K, reserved 1075200K
  class space    used 3312K, capacity 3560K, committed 3632K, reserved 1048576K
}
Event: 1.454 GC heap after
{Heap after GC invocations=4 (full 0):
 garbage-first heap   total 131072K, used 10499K [0x0000000081a00000, 0x0000000100000000)
  region size 1024K, 5 young (5120K), 5 survivors (5120K)
 Metaspace       used 28588K, capacity 29151K, committed 29436K, reserved 1075200K
  class space    used 3312K, capacity 3560K, committed 3632K, reserved 1048576K
}
Event: 2.441 GC heap before
{Heap before GC invocations=4 (full 0):
 garbage-first heap   total 131072K, used 66819K [0x0000000081a00000, 0x0000000100000000)
  region size 1024K, 60 young (61440K), 5 survivors (5120K)
 Metaspace       used 34084K, capacity 34972K, committed 35068K, reserved 1079296K
  class space    used 3968K, capacity 4314K, committed 4400K, reserved 1048576K
}
Event: 2.447 GC heap after
{Heap after GC invocations=5 (full 0):
 garbage-first heap   total 131072K, used 13607K [0x0000000081a00000, 0x0000000100000000)
  region size 1024K, 8 young (8192K), 8 survivors (8192K)
 Metaspace       used 34084K, capacity 34972K, committed 35068K, reserved 1079296K
  class space    used 3968K, capacity 4314K, committed 4400K, reserved 1048576K
}
Event: 2.562 GC heap before
{Heap before GC invocations=5 (full 0):
 garbage-first heap   total 131072K, used 20775K [0x0000000081a00000, 0x0000000100000000)
  region size 1024K, 16 young (16384K), 8 survivors (8192K)
 Metaspace       used 34986K, capacity 35778K, committed 35964K, reserved 1081344K
  class space    used 4076K, capacity 4389K, committed 4528K, reserved 1048576K
}

